<?xml version="1.0" encoding="UTF-8"?>
<!-- Generated by org.testng.reporters.JUnitReportReporter -->
<testsuite hostname="PRFT-16026" failures="0" tests="2" name="XboxLive.XboxLiveProject.AppTest" time="17.725" errors="0" timestamp="2021-06-24T13:09:59 CDT" skipped="0">
  <testcase classname="XboxLive.XboxLiveProject.AppTest" name="xblUser" time="10.218"/>
  <system-out/>
  <testcase classname="XboxLive.XboxLiveProject.AppTest" name="top5gamers" time="7.507"/>
  <system-out/>
</testsuite> <!-- XboxLive.XboxLiveProject.AppTest -->
