<?xml version="1.0" encoding="UTF-8"?>
<!-- Generated by org.testng.reporters.JUnitReportReporter -->
<testsuite hostname="PRFT-16026" failures="0" tests="1" name="XboxLive.XboxLiveProject.AppTest" time="35.351" errors="0" timestamp="2021-06-24T13:33:37 CDT" skipped="0">
  <testcase classname="XboxLive.XboxLiveProject.AppTest" name="top5gamers" time="35.351"/>
  <system-out/>
</testsuite> <!-- XboxLive.XboxLiveProject.AppTest -->
